<?xml version="1.0" encoding="UTF-8"?>
<!-- Generated by org.testng.reporters.JUnitXMLReporter -->
<testsuite hostname="WINAP185303-OTM" name="Surefire test" tests="3" failures="0" timestamp="2 Apr 2018 18:19:25 GMT" time="34.473" errors="0">
  <testcase name="loginpageTitleTest" time="0.016" classname="com.crm.qa.testcases.LoginPageTest"/>
  <testcase name="crmLogoImageTest" time="0.04" classname="com.crm.qa.testcases.LoginPageTest"/>
  <testcase name="loginTest" time="11.112" classname="com.crm.qa.testcases.LoginPageTest"/>
</testsuite> <!-- Surefire test -->
