<?xml version="1.0" encoding="UTF-8"?>
<testng-results skipped="0" failed="1" total="3" passed="2">
  <reporter-output>
  </reporter-output>
  <suite name="Default suite" duration-ms="81326" started-at="2018-04-04T07:06:50Z" finished-at="2018-04-04T07:08:11Z">
    <groups>
    </groups>
    <test name="Default test" duration-ms="81326" started-at="2018-04-04T07:06:50Z" finished-at="2018-04-04T07:08:11Z">
      <class name="com.crm.qa.testcases.HomePageTest">
        <test-method status="PASS" signature="setUp()[pri:0, instance:com.crm.qa.testcases.HomePageTest@724af044]" name="setUp" is-config="true" duration-ms="25036" started-at="2018-04-04T12:36:50Z" finished-at="2018-04-04T12:37:15Z">
          <reporter-output>
          </reporter-output>
        </test-method> <!-- setUp -->
        <test-method status="FAIL" signature="verifyHomePageTitleTest()[pri:0, instance:com.crm.qa.testcases.HomePageTest@724af044]" name="verifyHomePageTitleTest" duration-ms="24" started-at="2018-04-04T12:37:15Z" finished-at="2018-04-04T12:37:15Z">
          <exception class="org.junit.ComparisonFailure">
            <message>
              <![CDATA[CRMPRO expected:<[CRMPRO]> but was:<[Homepage title mismatch]>]]>
            </message>
            <full-stacktrace>
              <![CDATA[org.junit.ComparisonFailure: CRMPRO expected:<[CRMPRO]> but was:<[Homepage title mismatch]>
	at org.junit.Assert.assertEquals(Assert.java:125)
	at com.crm.qa.testcases.HomePageTest.verifyHomePageTitleTest(HomePageTest.java:40)
	at sun.reflect.NativeMethodAccessorImpl.invoke0(Native Method)
	at sun.reflect.NativeMethodAccessorImpl.invoke(NativeMethodAccessorImpl.java:62)
	at sun.reflect.DelegatingMethodAccessorImpl.invoke(DelegatingMethodAccessorImpl.java:43)
	at java.lang.reflect.Method.invoke(Method.java:498)
	at org.testng.internal.MethodInvocationHelper.invokeMethod(MethodInvocationHelper.java:80)
	at org.testng.internal.Invoker.invokeMethod(Invoker.java:714)
	at org.testng.internal.Invoker.invokeTestMethod(Invoker.java:901)
	at org.testng.internal.Invoker.invokeTestMethods(Invoker.java:1231)
	at org.testng.internal.TestMethodWorker.invokeTestMethods(TestMethodWorker.java:127)
	at org.testng.internal.TestMethodWorker.run(TestMethodWorker.java:111)
	at org.testng.TestRunner.privateRun(TestRunner.java:767)
	at org.testng.TestRunner.run(TestRunner.java:617)
	at org.testng.SuiteRunner.runTest(SuiteRunner.java:334)
	at org.testng.SuiteRunner.runSequentially(SuiteRunner.java:329)
	at org.testng.SuiteRunner.privateRun(SuiteRunner.java:291)
	at org.testng.SuiteRunner.run(SuiteRunner.java:240)
	at org.testng.SuiteRunnerWorker.runSuite(SuiteRunnerWorker.java:52)
	at org.testng.SuiteRunnerWorker.run(SuiteRunnerWorker.java:86)
	at org.testng.TestNG.runSuitesSequentially(TestNG.java:1198)
	at org.testng.TestNG.runSuitesLocally(TestNG.java:1123)
	at org.testng.TestNG.run(TestNG.java:1031)
	at org.testng.remote.AbstractRemoteTestNG.run(AbstractRemoteTestNG.java:114)
	at org.testng.remote.RemoteTestNG.initAndRun(RemoteTestNG.java:251)
	at org.testng.remote.RemoteTestNG.main(RemoteTestNG.java:77)
]]>
            </full-stacktrace>
          </exception> <!-- org.junit.ComparisonFailure -->
          <reporter-output>
          </reporter-output>
        </test-method> <!-- verifyHomePageTitleTest -->
        <test-method status="PASS" signature="tearDown()[pri:0, instance:com.crm.qa.testcases.HomePageTest@724af044]" name="tearDown" is-config="true" duration-ms="750" started-at="2018-04-04T12:37:15Z" finished-at="2018-04-04T12:37:16Z">
          <reporter-output>
          </reporter-output>
        </test-method> <!-- tearDown -->
        <test-method status="PASS" signature="setUp()[pri:0, instance:com.crm.qa.testcases.HomePageTest@724af044]" name="setUp" is-config="true" duration-ms="26415" started-at="2018-04-04T12:37:16Z" finished-at="2018-04-04T12:37:42Z">
          <reporter-output>
          </reporter-output>
        </test-method> <!-- setUp -->
        <test-method status="PASS" signature="verifyCorrectUserNameTest()[pri:0, instance:com.crm.qa.testcases.HomePageTest@724af044]" name="verifyCorrectUserNameTest" duration-ms="119" started-at="2018-04-04T12:37:42Z" finished-at="2018-04-04T12:37:43Z">
          <reporter-output>
          </reporter-output>
        </test-method> <!-- verifyCorrectUserNameTest -->
        <test-method status="PASS" signature="tearDown()[pri:0, instance:com.crm.qa.testcases.HomePageTest@724af044]" name="tearDown" is-config="true" duration-ms="737" started-at="2018-04-04T12:37:43Z" finished-at="2018-04-04T12:37:43Z">
          <reporter-output>
          </reporter-output>
        </test-method> <!-- tearDown -->
        <test-method status="PASS" signature="setUp()[pri:0, instance:com.crm.qa.testcases.HomePageTest@724af044]" name="setUp" is-config="true" duration-ms="27347" started-at="2018-04-04T12:37:43Z" finished-at="2018-04-04T12:38:11Z">
          <reporter-output>
          </reporter-output>
        </test-method> <!-- setUp -->
        <test-method status="PASS" signature="verifyContactslinkTest()[pri:0, instance:com.crm.qa.testcases.HomePageTest@724af044]" name="verifyContactslinkTest" duration-ms="142" started-at="2018-04-04T12:38:11Z" finished-at="2018-04-04T12:38:11Z">
          <reporter-output>
          </reporter-output>
        </test-method> <!-- verifyContactslinkTest -->
        <test-method status="PASS" signature="tearDown()[pri:0, instance:com.crm.qa.testcases.HomePageTest@724af044]" name="tearDown" is-config="true" duration-ms="740" started-at="2018-04-04T12:38:11Z" finished-at="2018-04-04T12:38:11Z">
          <reporter-output>
          </reporter-output>
        </test-method> <!-- tearDown -->
      </class> <!-- com.crm.qa.testcases.HomePageTest -->
    </test> <!-- Default test -->
  </suite> <!-- Default suite -->
</testng-results>
